<?xml version="1.0" encoding="UTF-8"?>
<!-- Generated by org.testng.reporters.JUnitReportReporter -->
<testsuite hostname="Ajay-Laptop" failures="0" tests="1" name="IntimeTestCases.loginTest" time="8.361" errors="0" timestamp="2024-07-04T15:37:06 IST" skipped="0">
  <testcase classname="IntimeTestCases.loginTest" name="login" time="8.361"/>
  <system-out/>
</testsuite> <!-- IntimeTestCases.loginTest -->
