<?xml version="1.0" encoding="UTF-8"?>
<!-- Generated by org.testng.reporters.JUnitReportReporter -->
<testsuite hostname="Ajay-Laptop" failures="0" tests="1" name="IntimeTestCases.loginTest" time="4.925" errors="0" timestamp="2024-07-03T18:49:22 IST" skipped="0">
  <testcase classname="IntimeTestCases.loginTest" name="login" time="4.925"/>
  <system-out/>
</testsuite> <!-- IntimeTestCases.loginTest -->
