<?xml version="1.0" encoding="UTF-8"?>
<!-- Generated by org.testng.reporters.JUnitReportReporter -->
<testsuite hostname="Ajay-Laptop" failures="0" tests="1" name="IntimeTestCases.baseClass" time="3.471" errors="0" timestamp="2024-07-03T18:10:22 IST" skipped="0">
  <testcase classname="IntimeTestCases.baseClass" name="launchBrowser" time="3.471"/>
</testsuite> <!-- IntimeTestCases.baseClass -->
